实验开始时间: 2024-12-21 13:09:01.656295


测试模型: BaseCNN

学习率: 0.001

训练配置:
学习率: 0.001
训练轮数: 5
设备: cpu
[Epoch 1] Loss: 0.799
[Epoch 1] Loss: 0.501
[Epoch 1] Loss: 0.395
[Epoch 1] Loss: 0.383
[Epoch 1] Loss: 0.357
[Epoch 1] Loss: 0.334
[Epoch 1] Loss: 0.327
[Epoch 1] Loss: 0.322
[Epoch 1] Loss: 0.293
Epoch 1 平均损失: 0.409
[Epoch 2] Loss: 0.280
[Epoch 2] Loss: 0.268
[Epoch 2] Loss: 0.266
[Epoch 2] Loss: 0.253
[Epoch 2] Loss: 0.261
[Epoch 2] Loss: 0.252
[Epoch 2] Loss: 0.245
[Epoch 2] Loss: 0.246
[Epoch 2] Loss: 0.243
Epoch 2 平均损失: 0.256
[Epoch 3] Loss: 0.211
[Epoch 3] Loss: 0.223
[Epoch 3] Loss: 0.221
[Epoch 3] Loss: 0.213
[Epoch 3] Loss: 0.212
[Epoch 3] Loss: 0.194
[Epoch 3] Loss: 0.215
[Epoch 3] Loss: 0.202
[Epoch 3] Loss: 0.192
Epoch 3 平均损失: 0.209
[Epoch 4] Loss: 0.171
[Epoch 4] Loss: 0.166
[Epoch 4] Loss: 0.165
[Epoch 4] Loss: 0.183
[Epoch 4] Loss: 0.171
[Epoch 4] Loss: 0.170
[Epoch 4] Loss: 0.178
[Epoch 4] Loss: 0.154
[Epoch 4] Loss: 0.171
Epoch 4 平均损失: 0.170
[Epoch 5] Loss: 0.138
[Epoch 5] Loss: 0.142
[Epoch 5] Loss: 0.128
[Epoch 5] Loss: 0.149
[Epoch 5] Loss: 0.143
[Epoch 5] Loss: 0.143
[Epoch 5] Loss: 0.150
[Epoch 5] Loss: 0.138
[Epoch 5] Loss: 0.134
Epoch 5 平均损失: 0.141

最终测试准确率: 0.9143

学习率: 0.0001

训练配置:
学习率: 0.0001
训练轮数: 5
设备: cpu
[Epoch 1] Loss: 0.093
[Epoch 1] Loss: 0.079
[Epoch 1] Loss: 0.084
[Epoch 1] Loss: 0.078
[Epoch 1] Loss: 0.087
[Epoch 1] Loss: 0.080
[Epoch 1] Loss: 0.072
[Epoch 1] Loss: 0.082
[Epoch 1] Loss: 0.078
Epoch 1 平均损失: 0.081
[Epoch 2] Loss: 0.067
[Epoch 2] Loss: 0.070
[Epoch 2] Loss: 0.066
[Epoch 2] Loss: 0.067
[Epoch 2] Loss: 0.060
[Epoch 2] Loss: 0.072
[Epoch 2] Loss: 0.068
[Epoch 2] Loss: 0.070
[Epoch 2] Loss: 0.066
Epoch 2 平均损失: 0.068
[Epoch 3] Loss: 0.063
[Epoch 3] Loss: 0.058
[Epoch 3] Loss: 0.059
[Epoch 3] Loss: 0.058
[Epoch 3] Loss: 0.059
[Epoch 3] Loss: 0.062
[Epoch 3] Loss: 0.054
[Epoch 3] Loss: 0.056
[Epoch 3] Loss: 0.064
Epoch 3 平均损失: 0.059
[Epoch 4] Loss: 0.051
[Epoch 4] Loss: 0.053
[Epoch 4] Loss: 0.050
[Epoch 4] Loss: 0.053
[Epoch 4] Loss: 0.055
[Epoch 4] Loss: 0.051
[Epoch 4] Loss: 0.057
[Epoch 4] Loss: 0.053
[Epoch 4] Loss: 0.052
Epoch 4 平均损失: 0.053
[Epoch 5] Loss: 0.045
[Epoch 5] Loss: 0.046
[Epoch 5] Loss: 0.047
[Epoch 5] Loss: 0.054
[Epoch 5] Loss: 0.041
[Epoch 5] Loss: 0.049
[Epoch 5] Loss: 0.042
[Epoch 5] Loss: 0.049
[Epoch 5] Loss: 0.048
Epoch 5 平均损失: 0.047

最终测试准确率: 0.9279


测试模型: DeepCNN

学习率: 0.001

训练配置:
学习率: 0.001
训练轮数: 5
设备: cpu
[Epoch 1] Loss: 0.927
[Epoch 1] Loss: 0.546
[Epoch 1] Loss: 0.450
[Epoch 1] Loss: 0.422
[Epoch 1] Loss: 0.388
[Epoch 1] Loss: 0.354
[Epoch 1] Loss: 0.332
[Epoch 1] Loss: 0.325
[Epoch 1] Loss: 0.329
Epoch 1 平均损失: 0.447
[Epoch 2] Loss: 0.303
[Epoch 2] Loss: 0.290
[Epoch 2] Loss: 0.292
[Epoch 2] Loss: 0.279
[Epoch 2] Loss: 0.296
[Epoch 2] Loss: 0.253
[Epoch 2] Loss: 0.266
[Epoch 2] Loss: 0.256
[Epoch 2] Loss: 0.252
Epoch 2 平均损失: 0.275
[Epoch 3] Loss: 0.230
[Epoch 3] Loss: 0.237
[Epoch 3] Loss: 0.235
[Epoch 3] Loss: 0.241
[Epoch 3] Loss: 0.234
[Epoch 3] Loss: 0.238
[Epoch 3] Loss: 0.232
[Epoch 3] Loss: 0.209
[Epoch 3] Loss: 0.222
Epoch 3 平均损失: 0.230
[Epoch 4] Loss: 0.195
[Epoch 4] Loss: 0.204
[Epoch 4] Loss: 0.194
[Epoch 4] Loss: 0.201
[Epoch 4] Loss: 0.199
[Epoch 4] Loss: 0.198
[Epoch 4] Loss: 0.198
[Epoch 4] Loss: 0.203
[Epoch 4] Loss: 0.206
Epoch 4 平均损失: 0.199
[Epoch 5] Loss: 0.162
[Epoch 5] Loss: 0.172
[Epoch 5] Loss: 0.176
[Epoch 5] Loss: 0.170
[Epoch 5] Loss: 0.184
[Epoch 5] Loss: 0.170
[Epoch 5] Loss: 0.176
[Epoch 5] Loss: 0.166
[Epoch 5] Loss: 0.172
Epoch 5 平均损失: 0.172

最终测试准确率: 0.9123

学习率: 0.0001

训练配置:
学习率: 0.0001
训练轮数: 5
设备: cpu
[Epoch 1] Loss: 0.128
[Epoch 1] Loss: 0.116
[Epoch 1] Loss: 0.104
[Epoch 1] Loss: 0.110
[Epoch 1] Loss: 0.113
[Epoch 1] Loss: 0.113
[Epoch 1] Loss: 0.110
[Epoch 1] Loss: 0.109
[Epoch 1] Loss: 0.098
Epoch 1 平均损失: 0.110
[Epoch 2] Loss: 0.091
[Epoch 2] Loss: 0.091
[Epoch 2] Loss: 0.092
[Epoch 2] Loss: 0.090
[Epoch 2] Loss: 0.094
[Epoch 2] Loss: 0.096
[Epoch 2] Loss: 0.095
[Epoch 2] Loss: 0.094
[Epoch 2] Loss: 0.096
Epoch 2 平均损失: 0.094
[Epoch 3] Loss: 0.085
[Epoch 3] Loss: 0.077
[Epoch 3] Loss: 0.076
[Epoch 3] Loss: 0.084
[Epoch 3] Loss: 0.090
[Epoch 3] Loss: 0.094
[Epoch 3] Loss: 0.081
[Epoch 3] Loss: 0.085
[Epoch 3] Loss: 0.092
Epoch 3 平均损失: 0.085
[Epoch 4] Loss: 0.070
[Epoch 4] Loss: 0.076
[Epoch 4] Loss: 0.082
[Epoch 4] Loss: 0.084
[Epoch 4] Loss: 0.071
[Epoch 4] Loss: 0.075
[Epoch 4] Loss: 0.072
[Epoch 4] Loss: 0.080
[Epoch 4] Loss: 0.078
Epoch 4 平均损失: 0.077
[Epoch 5] Loss: 0.070
[Epoch 5] Loss: 0.066
[Epoch 5] Loss: 0.069
[Epoch 5] Loss: 0.071
[Epoch 5] Loss: 0.067
[Epoch 5] Loss: 0.068
[Epoch 5] Loss: 0.072
[Epoch 5] Loss: 0.067
[Epoch 5] Loss: 0.066
Epoch 5 平均损失: 0.069

最终测试准确率: 0.9282


实验结束时间: 2024-12-21 13:19:04.057190
