实验开始时间: 2024-12-21 14:30:11.141915


测试模型: BaseCNN

学习率: 0.001

训练配置:
学习率: 0.001
训练轮数: 5
设备: cpu
[Epoch 1] Loss: 0.813
[Epoch 1] Loss: 0.500
[Epoch 1] Loss: 0.416
[Epoch 1] Loss: 0.373
[Epoch 1] Loss: 0.357
[Epoch 1] Loss: 0.331
[Epoch 1] Loss: 0.330
[Epoch 1] Loss: 0.319
[Epoch 1] Loss: 0.318
Epoch 1 平均损失: 0.413
[Epoch 2] Loss: 0.270
[Epoch 2] Loss: 0.279
[Epoch 2] Loss: 0.266
[Epoch 2] Loss: 0.259
[Epoch 2] Loss: 0.254
[Epoch 2] Loss: 0.262
[Epoch 2] Loss: 0.258
[Epoch 2] Loss: 0.244
[Epoch 2] Loss: 0.250
Epoch 2 平均损失: 0.259
[Epoch 3] Loss: 0.202
[Epoch 3] Loss: 0.214
[Epoch 3] Loss: 0.217
[Epoch 3] Loss: 0.211
[Epoch 3] Loss: 0.199
[Epoch 3] Loss: 0.210
[Epoch 3] Loss: 0.213
[Epoch 3] Loss: 0.215
[Epoch 3] Loss: 0.196
Epoch 3 平均损失: 0.209
[Epoch 4] Loss: 0.181
[Epoch 4] Loss: 0.173
[Epoch 4] Loss: 0.176
[Epoch 4] Loss: 0.172
[Epoch 4] Loss: 0.188
[Epoch 4] Loss: 0.174
[Epoch 4] Loss: 0.177
[Epoch 4] Loss: 0.176
[Epoch 4] Loss: 0.182
Epoch 4 平均损失: 0.177
[Epoch 5] Loss: 0.137
[Epoch 5] Loss: 0.133
[Epoch 5] Loss: 0.149
[Epoch 5] Loss: 0.149
[Epoch 5] Loss: 0.135
[Epoch 5] Loss: 0.142
[Epoch 5] Loss: 0.156
[Epoch 5] Loss: 0.155
[Epoch 5] Loss: 0.145
Epoch 5 平均损失: 0.145

最终测试准确率: 0.9198

学习率: 0.0001

训练配置:
学习率: 0.0001
训练轮数: 5
设备: cpu
[Epoch 1] Loss: 0.094
[Epoch 1] Loss: 0.088
[Epoch 1] Loss: 0.088
[Epoch 1] Loss: 0.081
[Epoch 1] Loss: 0.081
[Epoch 1] Loss: 0.083
[Epoch 1] Loss: 0.080
[Epoch 1] Loss: 0.078
[Epoch 1] Loss: 0.088
Epoch 1 平均损失: 0.084
[Epoch 2] Loss: 0.069
[Epoch 2] Loss: 0.076
[Epoch 2] Loss: 0.070
[Epoch 2] Loss: 0.069
[Epoch 2] Loss: 0.072
[Epoch 2] Loss: 0.068
[Epoch 2] Loss: 0.071
[Epoch 2] Loss: 0.072
[Epoch 2] Loss: 0.069
Epoch 2 平均损失: 0.071
[Epoch 3] Loss: 0.065
[Epoch 3] Loss: 0.060
[Epoch 3] Loss: 0.061
[Epoch 3] Loss: 0.067
[Epoch 3] Loss: 0.062
[Epoch 3] Loss: 0.062
[Epoch 3] Loss: 0.067
[Epoch 3] Loss: 0.058
[Epoch 3] Loss: 0.060
Epoch 3 平均损失: 0.062
[Epoch 4] Loss: 0.054
[Epoch 4] Loss: 0.049
[Epoch 4] Loss: 0.056
[Epoch 4] Loss: 0.057
[Epoch 4] Loss: 0.057
[Epoch 4] Loss: 0.060
[Epoch 4] Loss: 0.053
[Epoch 4] Loss: 0.055
[Epoch 4] Loss: 0.059
Epoch 4 平均损失: 0.056
[Epoch 5] Loss: 0.048
[Epoch 5] Loss: 0.049
[Epoch 5] Loss: 0.048
[Epoch 5] Loss: 0.049
[Epoch 5] Loss: 0.048
[Epoch 5] Loss: 0.054
[Epoch 5] Loss: 0.050
[Epoch 5] Loss: 0.048
[Epoch 5] Loss: 0.051
Epoch 5 平均损失: 0.050

最终测试准确率: 0.9258


测试模型: DeepCNN

学习率: 0.001

训练配置:
学习率: 0.001
训练轮数: 5
设备: cpu
[Epoch 1] Loss: 0.964
[Epoch 1] Loss: 0.539
[Epoch 1] Loss: 0.445
[Epoch 1] Loss: 0.403
[Epoch 1] Loss: 0.369
[Epoch 1] Loss: 0.368
[Epoch 1] Loss: 0.359
[Epoch 1] Loss: 0.348
[Epoch 1] Loss: 0.348
Epoch 1 平均损失: 0.454
[Epoch 2] Loss: 0.302
[Epoch 2] Loss: 0.300
[Epoch 2] Loss: 0.285
[Epoch 2] Loss: 0.298
[Epoch 2] Loss: 0.268
[Epoch 2] Loss: 0.271
[Epoch 2] Loss: 0.273
[Epoch 2] Loss: 0.264
[Epoch 2] Loss: 0.271
Epoch 2 平均损失: 0.280
[Epoch 3] Loss: 0.230
[Epoch 3] Loss: 0.234
[Epoch 3] Loss: 0.231
[Epoch 3] Loss: 0.233
[Epoch 3] Loss: 0.235
[Epoch 3] Loss: 0.232
[Epoch 3] Loss: 0.234
[Epoch 3] Loss: 0.222
[Epoch 3] Loss: 0.238
Epoch 3 平均损失: 0.232
[Epoch 4] Loss: 0.209
[Epoch 4] Loss: 0.199
[Epoch 4] Loss: 0.205
[Epoch 4] Loss: 0.199
[Epoch 4] Loss: 0.195
[Epoch 4] Loss: 0.201
[Epoch 4] Loss: 0.205
[Epoch 4] Loss: 0.201
[Epoch 4] Loss: 0.194
Epoch 4 平均损失: 0.201
[Epoch 5] Loss: 0.169
[Epoch 5] Loss: 0.168
[Epoch 5] Loss: 0.165
[Epoch 5] Loss: 0.168
[Epoch 5] Loss: 0.180
[Epoch 5] Loss: 0.174
[Epoch 5] Loss: 0.181
[Epoch 5] Loss: 0.184
[Epoch 5] Loss: 0.183
Epoch 5 平均损失: 0.174

最终测试准确率: 0.9138

学习率: 0.0001

训练配置:
学习率: 0.0001
训练轮数: 5
设备: cpu
[Epoch 1] Loss: 0.140
[Epoch 1] Loss: 0.113
[Epoch 1] Loss: 0.114
[Epoch 1] Loss: 0.116
[Epoch 1] Loss: 0.115
[Epoch 1] Loss: 0.105
[Epoch 1] Loss: 0.108
[Epoch 1] Loss: 0.109
[Epoch 1] Loss: 0.106
Epoch 1 平均损失: 0.114
[Epoch 2] Loss: 0.100
[Epoch 2] Loss: 0.104
[Epoch 2] Loss: 0.098
[Epoch 2] Loss: 0.093
[Epoch 2] Loss: 0.093
[Epoch 2] Loss: 0.102
[Epoch 2] Loss: 0.094
[Epoch 2] Loss: 0.097
[Epoch 2] Loss: 0.099
Epoch 2 平均损失: 0.098
[Epoch 3] Loss: 0.083
[Epoch 3] Loss: 0.075
[Epoch 3] Loss: 0.090
[Epoch 3] Loss: 0.096
[Epoch 3] Loss: 0.094
[Epoch 3] Loss: 0.089
[Epoch 3] Loss: 0.093
[Epoch 3] Loss: 0.079
[Epoch 3] Loss: 0.088
Epoch 3 平均损失: 0.088
[Epoch 4] Loss: 0.081
[Epoch 4] Loss: 0.082
[Epoch 4] Loss: 0.085
[Epoch 4] Loss: 0.075
[Epoch 4] Loss: 0.083
[Epoch 4] Loss: 0.073
[Epoch 4] Loss: 0.082
[Epoch 4] Loss: 0.085
[Epoch 4] Loss: 0.075
Epoch 4 平均损失: 0.080
[Epoch 5] Loss: 0.075
[Epoch 5] Loss: 0.065
[Epoch 5] Loss: 0.071
[Epoch 5] Loss: 0.075
[Epoch 5] Loss: 0.066
[Epoch 5] Loss: 0.076
[Epoch 5] Loss: 0.075
[Epoch 5] Loss: 0.073
[Epoch 5] Loss: 0.076
Epoch 5 平均损失: 0.072

最终测试准确率: 0.9233


实验结束时间: 2024-12-21 14:40:18.231553
